<?xml version="1.0" encoding="utf-8"?><testsuites><testsuite name="pytest" errors="0" failures="0" skipped="0" tests="10" time="2.535" timestamp="2024-08-05T02:33:42.345505" hostname="eb7d7d6cc578"><testcase classname="test_favorite" name="test_add_to_favorite" time="0.044" /><testcase classname="test_favorite" name="test_check_favorite" time="0.007" /><testcase classname="test_favorite" name="test_remove_from_favorites" time="0.012" /><testcase classname="test_schedule.TestSchedule" name="test_schedule_get_schedule_day" time="0.842" /><testcase classname="test_schedule.TestSchedule" name="test_schedule_get_schedule_specific_day_invalid" time="0.003" /><testcase classname="test_schedule.TestSchedule" name="test_schedule_get_schedule_specific_day" time="0.562" /><testcase classname="test_schedule.TestSchedule" name="test_schedule_get_schedule_day_exception_handling" time="0.005" /><testcase classname="test_watch_later" name="test_add_to_watch_later" time="0.011" /><testcase classname="test_watch_later" name="test_check_watch_later_status" time="0.006" /><testcase classname="test_watch_later" name="test_remove_from_watch_later" time="0.012" /></testsuite></testsuites>