<?xml version="1.0" encoding="utf-8"?><testsuites><testsuite name="pytest" errors="0" failures="0" skipped="0" tests="0" time="0.074" timestamp="2024-08-09T00:45:13.498750" hostname="5a0db4a21511" /></testsuites>